<?xml version="1.0" encoding="UTF-8"?>
<!-- Generated by org.testng.reporters.JUnitReportReporter -->
<testsuite skipped="0" hostname="User" name="maven_RMS1.RMS" tests="1" failures="0" timestamp="2019-11-27T20:01:42 IST" time="23.891" errors="0">
  <testcase name="setup" time="23.891" classname="maven_RMS1.RMS"/>
</testsuite> <!-- maven_RMS1.RMS -->
